Arguments: 
  /Users/taleyoung/.nvm/versions/node/v12.5.0/bin/node /Users/taleyoung/.nvm/versions/node/v12.5.0/bin/yarn

PATH: 
  /Users/taleyoung/.nvm/versions/node/v12.5.0/bin:/usr/local/bin:/usr/bin:/bin:/usr/sbin:/sbin:/Users/taleyoung/.nvm/versions/node/v12.5.0/bin

Yarn version: 
  1.16.0

Node version: 
  12.5.0

Platform: 
  darwin x64

Trace: 
  Error: https://registry.yarnpkg.com/query-string: ESOCKETTIMEDOUT
      at ClientRequest.<anonymous> (/Users/taleyoung/.nvm/versions/node/v12.5.0/lib/node_modules/yarn/lib/cli.js:130217:19)
      at Object.onceWrapper (events.js:288:20)
      at ClientRequest.emit (events.js:200:13)
      at TLSSocket.emitRequestTimeout (_http_client.js:675:40)
      at Object.onceWrapper (events.js:288:20)
      at TLSSocket.emit (events.js:200:13)
      at TLSSocket.Socket._onTimeout (net.js:434:8)
      at listOnTimeout (internal/timers.js:531:17)
      at processTimers (internal/timers.js:475:7)

npm manifest: 
  {
    "name": "stl-viewer",
    "version": "0.12.0",
    "description": "A component for viewing an STL object from a given URL by utilizing Three.js",
    "main": "dist/STLViewer.js",
    "keywords": [
      "JavaScript",
      "STL",
      "STL viewer",
      "Three",
      "Three.js",
      "React",
      "3D"
    ],
    "author": "Chiedo",
    "license": "MIT",
    "repository": {
      "type": "git",
      "url": "https://github.com/chiedolabs/react-stl-viewer.git"
    },
    "scripts": {
      "build": "./node_modules/babel-cli/bin/babel.js -d dist src/ && NODE_ENV=production webpack -p --config webpack.config.prod.js",
      "start": "NODE_ENV=development node --harmony server.js",
      "prepublish": "yarn run build"
    },
    "dependencies": {
      "halogenium": "^2.2.3",
      "prop-types": "^15.6.1",
      "three": "^0.72.0",
      "three-orbit-controls": "^72.0.0"
    },
    "peerDependencies": {
      "react": ">=16.2.0",
      "react-dom": ">=16.2.0"
    },
    "devDependencies": {
      "babel-cli": "^6.3.17",
      "babel-core": "^6.3.15",
      "babel-eslint": "^5.0.0-beta4",
      "babel-loader": "^6.2.0",
      "babel-plugin-add-module-exports": "^0.1.2",
      "babel-plugin-react-transform": "^2.0.0-beta1",
      "babel-preset-es2015": "^6.3.13",
      "babel-preset-react": "^6.3.13",
      "babel-preset-stage-0": "^6.3.13",
      "ejs": "^2.3.4",
      "eslint": "^1.10.3",
      "eslint-plugin-babel": "^3.0.0",
      "eslint-plugin-react": "^3.11.3",
      "exports-loader": "^0.6.2",
      "express": "^4.13.3",
      "imports-loader": "^0.6.5",
      "node-sass": "^3.4.2",
      "query-string": "^3.0.0",
      "react": "^16.2.0",
      "react-dom": "^16.2.0",
      "react-transform-catch-errors": "^1.0.0",
      "react-transform-hmr": "^1.0.1",
      "redbox-react": "^1.5.0",
      "rimraf": "^2.4.3",
      "webpack": "^1.12.2",
      "webpack-dev-middleware": "^1.4.0",
      "webpack-hot-middleware": "^2.6.0",
      "whatwg-fetch": "^0.9.0"
    }
  }

yarn manifest: 
  No manifest

Lockfile: 
  No lockfile
